<?xml version="1.0" encoding="UTF-8"?>
<!-- Generated by org.testng.reporters.JUnitXMLReporter -->
<testsuite ignored="0" hostname="MSI" failures="0" tests="3" name="ExerciseAUsingChrome" time="88.022" errors="0" timestamp="26 avr. 2021 15:38:58 GMT">
  <testcase classname="com.automationpractice.automationExercise.ExerciseA" name="purchaseItem" time="33.224"/>
  <testcase classname="com.automationpractice.automationExercise.ExerciseA" name="purchaseItem" time="25.668"/>
  <testcase classname="com.automationpractice.automationExercise.ExerciseA" name="purchaseItem" time="22.545"/>
</testsuite> <!-- ExerciseAUsingChrome -->
