<?xml version="1.0" encoding="UTF-8"?>
<!-- Generated by org.testng.reporters.JUnitXMLReporter -->
<testsuite ignored="0" hostname="MSI" failures="0" tests="3" name="ExerciseAUsingFirefox" time="94.379" errors="0" timestamp="26 avr. 2021 15:39:05 GMT">
  <testcase classname="com.automationpractice.automationExercise.ExerciseA" name="purchaseItem" time="29.894"/>
  <testcase classname="com.automationpractice.automationExercise.ExerciseA" name="purchaseItem" time="26.237"/>
  <testcase classname="com.automationpractice.automationExercise.ExerciseA" name="purchaseItem" time="20.963"/>
</testsuite> <!-- ExerciseAUsingFirefox -->
