<?xml version="1.0" encoding="UTF-8"?>
<!-- Generated by org.testng.reporters.JUnitXMLReporter -->
<testsuite ignored="0" hostname="MSI" failures="0" tests="2" name="Default test" time="50.111" errors="0" timestamp="25 avr. 2021 19:04:55 GMT">
  <testcase classname="com.automationpractice.automationExercise.ExerciseA" name="purchaseItemWithNewAccount" time="20.89"/>
  <testcase classname="com.automationpractice.automationExercise.ExerciseA" name="purchaseItemWithNewAccount" time="24.798"/>
</testsuite> <!-- Default test -->
