<?xml version="1.0" encoding="UTF-8"?>
<testng-results ignored="0" total="6" passed="6" failed="0" skipped="0">
  <reporter-output>
    <line>
      <![CDATA[[TEST 'ExerciseAUsingFirefox' STARTED]]]>
    </line>
    <line>
      <![CDATA[Launching browser.]]>
    </line>
    <line>
      <![CDATA[[TEST 'ExerciseAUsingChrome' STARTED]]]>
    </line>
    <line>
      <![CDATA[Launching browser.]]>
    </line>
    <line>
      <![CDATA[Create driver: chrome]]>
    </line>
    <line>
      <![CDATA[Create driver: firefox]]>
    </line>
    <line>
      <![CDATA[Starting chrome browser.]]>
    </line>
    <line>
      <![CDATA[Starting firefox browser.]]>
    </line>
    <line>
      <![CDATA[[Starting 'purchaseItem' test]]]>
    </line>
    <line>
      <![CDATA[Starting test #1 from CSV file.]]>
    </line>
    <line>
      <![CDATA[Opening page: http://automationpractice.com/index.php]]>
    </line>
    <line>
      <![CDATA[[Starting 'purchaseItem' test]]]>
    </line>
    <line>
      <![CDATA[Starting test #1 from CSV file.]]>
    </line>
    <line>
      <![CDATA[Opening page: http://automationpractice.com/index.php]]>
    </line>
    <line>
      <![CDATA[Page opened!]]>
    </line>
    <line>
      <![CDATA[Searching for item: 'dress'.]]>
    </line>
    <line>
      <![CDATA[Selecting random item from the list.]]>
    </line>
    <line>
      <![CDATA[Adding item into the cart.]]>
    </line>
    <line>
      <![CDATA[Going to cart.]]>
    </line>
    <line>
      <![CDATA[Page opened!]]>
    </line>
    <line>
      <![CDATA[Searching for item: 'dress'.]]>
    </line>
    <line>
      <![CDATA[Checking if total number of item and total price are correct in cart.]]>
    </line>
    <line>
      <![CDATA[There is 1 item in cart.]]>
    </line>
    <line>
      <![CDATA[Selecting random item from the list.]]>
    </line>
    <line>
      <![CDATA[Total price including shipping is $32.5]]>
    </line>
    <line>
      <![CDATA[Total number of item and total price are correct!]]>
    </line>
    <line>
      <![CDATA[Proceeding to checkout.]]>
    </line>
    <line>
      <![CDATA[Adding item into the cart.]]>
    </line>
    <line>
      <![CDATA[Going to cart.]]>
    </line>
    <line>
      <![CDATA[Creating new account using random Email address: vrbxrawo@gmail.com]]>
    </line>
    <line>
      <![CDATA[Checking if total number of item and total price are correct in cart.]]>
    </line>
    <line>
      <![CDATA[There is 1 item in cart.]]>
    </line>
    <line>
      <![CDATA[Total price including shipping is $18.4]]>
    </line>
    <line>
      <![CDATA[Total number of item and total price are correct!]]>
    </line>
    <line>
      <![CDATA[Proceeding to checkout.]]>
    </line>
    <line>
      <![CDATA[Creating new account using random Email address: lnapgojy@gmail.com]]>
    </line>
    <line>
      <![CDATA[Filling all information using data from CSV file.]]>
    </line>
    <line>
      <![CDATA[Filling all information using data from CSV file.]]>
    </line>
    <line>
      <![CDATA[Checking if delivery details are correct.]]>
    </line>
    <line>
      <![CDATA[All delivery information are correct.]]>
    </line>
    <line>
      <![CDATA[Checking if delivery details are correct.]]>
    </line>
    <line>
      <![CDATA[All delivery information are correct.]]>
    </line>
    <line>
      <![CDATA[Accepting terms of services.]]>
    </line>
    <line>
      <![CDATA[Proceeding to checkout.]]>
    </line>
    <line>
      <![CDATA[Accepting terms of services.]]>
    </line>
    <line>
      <![CDATA[Proceeding to checkout.]]>
    </line>
    <line>
      <![CDATA[Checking quantity and total price are still correct.]]>
    </line>
    <line>
      <![CDATA[There is 1 item in cart.]]>
    </line>
    <line>
      <![CDATA[Total price including shipping is $32.5.]]>
    </line>
    <line>
      <![CDATA[Quantity and total price still correct.]]>
    </line>
    <line>
      <![CDATA[Paying by bank wire.]]>
    </line>
    <line>
      <![CDATA[Checking quantity and total price are still correct.]]>
    </line>
    <line>
      <![CDATA[There is 1 item in cart.]]>
    </line>
    <line>
      <![CDATA[Total price including shipping is $18.4.]]>
    </line>
    <line>
      <![CDATA[Quantity and total price still correct.]]>
    </line>
    <line>
      <![CDATA[Paying by bank wire.]]>
    </line>
    <line>
      <![CDATA[Confirming order.]]>
    </line>
    <line>
      <![CDATA[Confirming order.]]>
    </line>
    <line>
      <![CDATA[Order is complete.]]>
    </line>
    <line>
      <![CDATA[[RESULT: 'purchaseItem' has successfully passed.]]]>
    </line>
    <line>
      <![CDATA[Closing browser.]]>
    </line>
    <line>
      <![CDATA[Order is complete.]]>
    </line>
    <line>
      <![CDATA[[RESULT: 'purchaseItem' has successfully passed.]]]>
    </line>
    <line>
      <![CDATA[Closing browser.]]>
    </line>
    <line>
      <![CDATA[Launching browser.]]>
    </line>
    <line>
      <![CDATA[Create driver: chrome]]>
    </line>
    <line>
      <![CDATA[Starting chrome browser.]]>
    </line>
    <line>
      <![CDATA[Launching browser.]]>
    </line>
    <line>
      <![CDATA[Create driver: firefox]]>
    </line>
    <line>
      <![CDATA[Starting firefox browser.]]>
    </line>
    <line>
      <![CDATA[[Starting 'purchaseItem' test]]]>
    </line>
    <line>
      <![CDATA[Starting test #2 from CSV file.]]>
    </line>
    <line>
      <![CDATA[Opening page: http://automationpractice.com/index.php]]>
    </line>
    <line>
      <![CDATA[Page opened!]]>
    </line>
    <line>
      <![CDATA[Searching for item: 'blouse'.]]>
    </line>
    <line>
      <![CDATA[[Starting 'purchaseItem' test]]]>
    </line>
    <line>
      <![CDATA[Starting test #2 from CSV file.]]>
    </line>
    <line>
      <![CDATA[Opening page: http://automationpractice.com/index.php]]>
    </line>
    <line>
      <![CDATA[Selecting random item from the list.]]>
    </line>
    <line>
      <![CDATA[Adding item into the cart.]]>
    </line>
    <line>
      <![CDATA[Going to cart.]]>
    </line>
    <line>
      <![CDATA[Page opened!]]>
    </line>
    <line>
      <![CDATA[Searching for item: 'blouse'.]]>
    </line>
    <line>
      <![CDATA[Checking if total number of item and total price are correct in cart.]]>
    </line>
    <line>
      <![CDATA[There is 1 item in cart.]]>
    </line>
    <line>
      <![CDATA[Total price including shipping is $29.0]]>
    </line>
    <line>
      <![CDATA[Total number of item and total price are correct!]]>
    </line>
    <line>
      <![CDATA[Proceeding to checkout.]]>
    </line>
    <line>
      <![CDATA[Selecting random item from the list.]]>
    </line>
    <line>
      <![CDATA[Adding item into the cart.]]>
    </line>
    <line>
      <![CDATA[Going to cart.]]>
    </line>
    <line>
      <![CDATA[Creating new account using random Email address: ghsazeuo@gmail.com]]>
    </line>
    <line>
      <![CDATA[Checking if total number of item and total price are correct in cart.]]>
    </line>
    <line>
      <![CDATA[There is 1 item in cart.]]>
    </line>
    <line>
      <![CDATA[Total price including shipping is $29.0]]>
    </line>
    <line>
      <![CDATA[Total number of item and total price are correct!]]>
    </line>
    <line>
      <![CDATA[Proceeding to checkout.]]>
    </line>
    <line>
      <![CDATA[Filling all information using data from CSV file.]]>
    </line>
    <line>
      <![CDATA[Creating new account using random Email address: smdtsoqo@gmail.com]]>
    </line>
    <line>
      <![CDATA[Checking if delivery details are correct.]]>
    </line>
    <line>
      <![CDATA[All delivery information are correct.]]>
    </line>
    <line>
      <![CDATA[Accepting terms of services.]]>
    </line>
    <line>
      <![CDATA[Proceeding to checkout.]]>
    </line>
    <line>
      <![CDATA[Filling all information using data from CSV file.]]>
    </line>
    <line>
      <![CDATA[Checking quantity and total price are still correct.]]>
    </line>
    <line>
      <![CDATA[There is 1 item in cart.]]>
    </line>
    <line>
      <![CDATA[Total price including shipping is $29.0.]]>
    </line>
    <line>
      <![CDATA[Quantity and total price still correct.]]>
    </line>
    <line>
      <![CDATA[Paying by bank wire.]]>
    </line>
    <line>
      <![CDATA[Checking if delivery details are correct.]]>
    </line>
    <line>
      <![CDATA[All delivery information are correct.]]>
    </line>
    <line>
      <![CDATA[Confirming order.]]>
    </line>
    <line>
      <![CDATA[Accepting terms of services.]]>
    </line>
    <line>
      <![CDATA[Proceeding to checkout.]]>
    </line>
    <line>
      <![CDATA[Checking quantity and total price are still correct.]]>
    </line>
    <line>
      <![CDATA[There is 1 item in cart.]]>
    </line>
    <line>
      <![CDATA[Order is complete.]]>
    </line>
    <line>
      <![CDATA[[RESULT: 'purchaseItem' has successfully passed.]]]>
    </line>
    <line>
      <![CDATA[Closing browser.]]>
    </line>
    <line>
      <![CDATA[Total price including shipping is $29.0.]]>
    </line>
    <line>
      <![CDATA[Quantity and total price still correct.]]>
    </line>
    <line>
      <![CDATA[Paying by bank wire.]]>
    </line>
    <line>
      <![CDATA[Launching browser.]]>
    </line>
    <line>
      <![CDATA[Create driver: chrome]]>
    </line>
    <line>
      <![CDATA[Starting chrome browser.]]>
    </line>
    <line>
      <![CDATA[Confirming order.]]>
    </line>
    <line>
      <![CDATA[[Starting 'purchaseItem' test]]]>
    </line>
    <line>
      <![CDATA[Starting test #3 from CSV file.]]>
    </line>
    <line>
      <![CDATA[Opening page: http://automationpractice.com/index.php]]>
    </line>
    <line>
      <![CDATA[Order is complete.]]>
    </line>
    <line>
      <![CDATA[[RESULT: 'purchaseItem' has successfully passed.]]]>
    </line>
    <line>
      <![CDATA[Closing browser.]]>
    </line>
    <line>
      <![CDATA[Launching browser.]]>
    </line>
    <line>
      <![CDATA[Create driver: firefox]]>
    </line>
    <line>
      <![CDATA[Starting firefox browser.]]>
    </line>
    <line>
      <![CDATA[Page opened!]]>
    </line>
    <line>
      <![CDATA[Searching for item: 'shoes'.]]>
    </line>
    <line>
      <![CDATA[Selecting random item from the list.]]>
    </line>
    <line>
      <![CDATA[Adding item into the cart.]]>
    </line>
    <line>
      <![CDATA[Going to cart.]]>
    </line>
    <line>
      <![CDATA[[Starting 'purchaseItem' test]]]>
    </line>
    <line>
      <![CDATA[Starting test #3 from CSV file.]]>
    </line>
    <line>
      <![CDATA[Opening page: http://automationpractice.com/index.php]]>
    </line>
    <line>
      <![CDATA[Checking if total number of item and total price are correct in cart.]]>
    </line>
    <line>
      <![CDATA[There is 1 item in cart.]]>
    </line>
    <line>
      <![CDATA[Total price including shipping is $30.98]]>
    </line>
    <line>
      <![CDATA[Total number of item and total price are correct!]]>
    </line>
    <line>
      <![CDATA[Proceeding to checkout.]]>
    </line>
    <line>
      <![CDATA[Creating new account using random Email address: dgaygwjj@gmail.com]]>
    </line>
    <line>
      <![CDATA[Page opened!]]>
    </line>
    <line>
      <![CDATA[Searching for item: 'shoes'.]]>
    </line>
    <line>
      <![CDATA[Selecting random item from the list.]]>
    </line>
    <line>
      <![CDATA[Adding item into the cart.]]>
    </line>
    <line>
      <![CDATA[Going to cart.]]>
    </line>
    <line>
      <![CDATA[Filling all information using data from CSV file.]]>
    </line>
    <line>
      <![CDATA[Checking if total number of item and total price are correct in cart.]]>
    </line>
    <line>
      <![CDATA[There is 1 item in cart.]]>
    </line>
    <line>
      <![CDATA[Total price including shipping is $18.4]]>
    </line>
    <line>
      <![CDATA[Total number of item and total price are correct!]]>
    </line>
    <line>
      <![CDATA[Proceeding to checkout.]]>
    </line>
    <line>
      <![CDATA[Checking if delivery details are correct.]]>
    </line>
    <line>
      <![CDATA[All delivery information are correct.]]>
    </line>
    <line>
      <![CDATA[Creating new account using random Email address: ighwuyms@gmail.com]]>
    </line>
    <line>
      <![CDATA[Accepting terms of services.]]>
    </line>
    <line>
      <![CDATA[Proceeding to checkout.]]>
    </line>
    <line>
      <![CDATA[Checking quantity and total price are still correct.]]>
    </line>
    <line>
      <![CDATA[There is 1 item in cart.]]>
    </line>
    <line>
      <![CDATA[Total price including shipping is $30.98.]]>
    </line>
    <line>
      <![CDATA[Quantity and total price still correct.]]>
    </line>
    <line>
      <![CDATA[Paying by bank wire.]]>
    </line>
    <line>
      <![CDATA[Confirming order.]]>
    </line>
    <line>
      <![CDATA[Filling all information using data from CSV file.]]>
    </line>
    <line>
      <![CDATA[Order is complete.]]>
    </line>
    <line>
      <![CDATA[[RESULT: 'purchaseItem' has successfully passed.]]]>
    </line>
    <line>
      <![CDATA[Closing browser.]]>
    </line>
    <line>
      <![CDATA[Checking if delivery details are correct.]]>
    </line>
    <line>
      <![CDATA[All delivery information are correct.]]>
    </line>
    <line>
      <![CDATA[Accepting terms of services.]]>
    </line>
    <line>
      <![CDATA[Proceeding to checkout.]]>
    </line>
    <line>
      <![CDATA[Checking quantity and total price are still correct.]]>
    </line>
    <line>
      <![CDATA[There is 1 item in cart.]]>
    </line>
    <line>
      <![CDATA[Total price including shipping is $18.4.]]>
    </line>
    <line>
      <![CDATA[Quantity and total price still correct.]]>
    </line>
    <line>
      <![CDATA[Paying by bank wire.]]>
    </line>
    <line>
      <![CDATA[Confirming order.]]>
    </line>
    <line>
      <![CDATA[Order is complete.]]>
    </line>
    <line>
      <![CDATA[[RESULT: 'purchaseItem' has successfully passed.]]]>
    </line>
    <line>
      <![CDATA[Closing browser.]]>
    </line>
  </reporter-output>
  <suite started-at="2021-04-26T15:37:30Z" name="ExerciseASuite.xml" finished-at="2021-04-26T15:39:05Z" duration-ms="94379">
    <groups>
    </groups>
    <test started-at="2021-04-26T15:37:30Z" name="ExerciseAUsingChrome" finished-at="2021-04-26T15:38:58Z" duration-ms="88022">
      <class name="com.automationpractice.automationExercise.ExerciseA">
        <test-method is-config="true" signature="setup(java.lang.reflect.Method, java.lang.String, org.testng.ITestContext)[pri:0, instance:com.automationpractice.automationExercise.ExerciseA@63070bab]" started-at="2021-04-26T15:37:30Z" name="setup" finished-at="2021-04-26T15:37:32Z" duration-ms="1970" status="PASS">
          <params>
            <param index="0">
              <value>
                <![CDATA[public void com.automationpractice.automationExercise.ExerciseA.purchaseItem(java.util.Map)]]>
              </value>
            </param>
            <param index="1">
              <value>
                <![CDATA[chrome]]>
              </value>
            </param>
            <param index="2">
              <value>
                <![CDATA[org.testng.TestRunner@3246fb96]]>
              </value>
            </param>
          </params>
          <reporter-output>
            <line>
              <![CDATA[Launching browser.]]>
            </line>
            <line>
              <![CDATA[Create driver: chrome]]>
            </line>
            <line>
              <![CDATA[Starting chrome browser.]]>
            </line>
          </reporter-output>
        </test-method> <!-- setup -->
        <test-method signature="purchaseItem(java.util.Map)[pri:0, instance:com.automationpractice.automationExercise.ExerciseA@63070bab]" started-at="2021-04-26T15:37:32Z" name="purchaseItem" data-provider="csvReader" finished-at="2021-04-26T15:38:06Z" duration-ms="33224" status="PASS">
          <params>
            <param index="0">
              <value>
                <![CDATA[{firstName=nicolas, lastName=ma, zipCode=08001, password=secretPassword, address=8 baker street, phoneNumber=123456, testNumber=1, city=barcelona, aliasEmailAddress=anotherRandomEmail@gmail.com, itemToPurchase=dress}]]>
              </value>
            </param>
          </params>
          <reporter-output>
            <line>
              <![CDATA[[Starting 'purchaseItem' test]]]>
            </line>
            <line>
              <![CDATA[Starting test #1 from CSV file.]]>
            </line>
            <line>
              <![CDATA[Opening page: http://automationpractice.com/index.php]]>
            </line>
            <line>
              <![CDATA[Page opened!]]>
            </line>
            <line>
              <![CDATA[Searching for item: 'dress'.]]>
            </line>
            <line>
              <![CDATA[Selecting random item from the list.]]>
            </line>
            <line>
              <![CDATA[Adding item into the cart.]]>
            </line>
            <line>
              <![CDATA[Going to cart.]]>
            </line>
            <line>
              <![CDATA[Checking if total number of item and total price are correct in cart.]]>
            </line>
            <line>
              <![CDATA[There is 1 item in cart.]]>
            </line>
            <line>
              <![CDATA[Total price including shipping is $32.5]]>
            </line>
            <line>
              <![CDATA[Total number of item and total price are correct!]]>
            </line>
            <line>
              <![CDATA[Proceeding to checkout.]]>
            </line>
            <line>
              <![CDATA[Creating new account using random Email address: vrbxrawo@gmail.com]]>
            </line>
            <line>
              <![CDATA[Filling all information using data from CSV file.]]>
            </line>
            <line>
              <![CDATA[Checking if delivery details are correct.]]>
            </line>
            <line>
              <![CDATA[All delivery information are correct.]]>
            </line>
            <line>
              <![CDATA[Accepting terms of services.]]>
            </line>
            <line>
              <![CDATA[Proceeding to checkout.]]>
            </line>
            <line>
              <![CDATA[Checking quantity and total price are still correct.]]>
            </line>
            <line>
              <![CDATA[There is 1 item in cart.]]>
            </line>
            <line>
              <![CDATA[Total price including shipping is $32.5.]]>
            </line>
            <line>
              <![CDATA[Quantity and total price still correct.]]>
            </line>
            <line>
              <![CDATA[Paying by bank wire.]]>
            </line>
            <line>
              <![CDATA[Confirming order.]]>
            </line>
            <line>
              <![CDATA[Order is complete.]]>
            </line>
            <line>
              <![CDATA[[RESULT: 'purchaseItem' has successfully passed.]]]>
            </line>
          </reporter-output>
        </test-method> <!-- purchaseItem -->
        <test-method is-config="true" signature="tearDown()[pri:0, instance:com.automationpractice.automationExercise.ExerciseA@63070bab]" started-at="2021-04-26T15:38:06Z" name="tearDown" finished-at="2021-04-26T15:38:06Z" duration-ms="660" status="PASS">
          <reporter-output>
            <line>
              <![CDATA[Closing browser.]]>
            </line>
          </reporter-output>
        </test-method> <!-- tearDown -->
        <test-method is-config="true" signature="takeScreenshot(org.testng.ITestResult)[pri:0, instance:com.automationpractice.automationExercise.ExerciseA@63070bab]" started-at="2021-04-26T15:38:06Z" name="takeScreenshot" finished-at="2021-04-26T15:38:06Z" duration-ms="0" status="PASS">
          <params>
            <param index="0">
              <value>
                <![CDATA[[TestResult name=purchaseItem status=SUCCESS method=ExerciseA.purchaseItem(java.util.Map)[pri:0, instance:com.automationpractice.automationExercise.ExerciseA@63070bab] output=[Starting 'purchaseItem' test]]]]>
              </value>
            </param>
          </params>
          <reporter-output>
          </reporter-output>
        </test-method> <!-- takeScreenshot -->
        <test-method is-config="true" signature="setup(java.lang.reflect.Method, java.lang.String, org.testng.ITestContext)[pri:0, instance:com.automationpractice.automationExercise.ExerciseA@63070bab]" started-at="2021-04-26T15:38:06Z" name="setup" finished-at="2021-04-26T15:38:07Z" duration-ms="1283" status="PASS">
          <params>
            <param index="0">
              <value>
                <![CDATA[public void com.automationpractice.automationExercise.ExerciseA.purchaseItem(java.util.Map)]]>
              </value>
            </param>
            <param index="1">
              <value>
                <![CDATA[chrome]]>
              </value>
            </param>
            <param index="2">
              <value>
                <![CDATA[org.testng.TestRunner@3246fb96]]>
              </value>
            </param>
          </params>
          <reporter-output>
            <line>
              <![CDATA[Launching browser.]]>
            </line>
            <line>
              <![CDATA[Create driver: chrome]]>
            </line>
            <line>
              <![CDATA[Starting chrome browser.]]>
            </line>
          </reporter-output>
        </test-method> <!-- setup -->
        <test-method signature="purchaseItem(java.util.Map)[pri:0, instance:com.automationpractice.automationExercise.ExerciseA@63070bab]" started-at="2021-04-26T15:38:07Z" name="purchaseItem" data-provider="csvReader" finished-at="2021-04-26T15:38:33Z" duration-ms="25668" status="PASS">
          <params>
            <param index="0">
              <value>
                <![CDATA[{firstName=nicolas, lastName=ma, zipCode=08001, password=secretPassword, address=8 baker street, phoneNumber=123456, testNumber=2, city=barcelona, aliasEmailAddress=anotherRandomEmail@gmail.com, itemToPurchase=blouse}]]>
              </value>
            </param>
          </params>
          <reporter-output>
            <line>
              <![CDATA[[Starting 'purchaseItem' test]]]>
            </line>
            <line>
              <![CDATA[Starting test #2 from CSV file.]]>
            </line>
            <line>
              <![CDATA[Opening page: http://automationpractice.com/index.php]]>
            </line>
            <line>
              <![CDATA[Page opened!]]>
            </line>
            <line>
              <![CDATA[Searching for item: 'blouse'.]]>
            </line>
            <line>
              <![CDATA[Selecting random item from the list.]]>
            </line>
            <line>
              <![CDATA[Adding item into the cart.]]>
            </line>
            <line>
              <![CDATA[Going to cart.]]>
            </line>
            <line>
              <![CDATA[Checking if total number of item and total price are correct in cart.]]>
            </line>
            <line>
              <![CDATA[There is 1 item in cart.]]>
            </line>
            <line>
              <![CDATA[Total price including shipping is $29.0]]>
            </line>
            <line>
              <![CDATA[Total number of item and total price are correct!]]>
            </line>
            <line>
              <![CDATA[Proceeding to checkout.]]>
            </line>
            <line>
              <![CDATA[Creating new account using random Email address: ghsazeuo@gmail.com]]>
            </line>
            <line>
              <![CDATA[Filling all information using data from CSV file.]]>
            </line>
            <line>
              <![CDATA[Checking if delivery details are correct.]]>
            </line>
            <line>
              <![CDATA[All delivery information are correct.]]>
            </line>
            <line>
              <![CDATA[Accepting terms of services.]]>
            </line>
            <line>
              <![CDATA[Proceeding to checkout.]]>
            </line>
            <line>
              <![CDATA[Checking quantity and total price are still correct.]]>
            </line>
            <line>
              <![CDATA[There is 1 item in cart.]]>
            </line>
            <line>
              <![CDATA[Total price including shipping is $29.0.]]>
            </line>
            <line>
              <![CDATA[Quantity and total price still correct.]]>
            </line>
            <line>
              <![CDATA[Paying by bank wire.]]>
            </line>
            <line>
              <![CDATA[Confirming order.]]>
            </line>
            <line>
              <![CDATA[Order is complete.]]>
            </line>
            <line>
              <![CDATA[[RESULT: 'purchaseItem' has successfully passed.]]]>
            </line>
          </reporter-output>
        </test-method> <!-- purchaseItem -->
        <test-method is-config="true" signature="takeScreenshot(org.testng.ITestResult)[pri:0, instance:com.automationpractice.automationExercise.ExerciseA@63070bab]" started-at="2021-04-26T15:38:33Z" name="takeScreenshot" finished-at="2021-04-26T15:38:33Z" duration-ms="0" status="PASS">
          <params>
            <param index="0">
              <value>
                <![CDATA[[TestResult name=purchaseItem status=SUCCESS method=ExerciseA.purchaseItem(java.util.Map)[pri:0, instance:com.automationpractice.automationExercise.ExerciseA@63070bab] output=[Starting 'purchaseItem' test]]]]>
              </value>
            </param>
          </params>
          <reporter-output>
          </reporter-output>
        </test-method> <!-- takeScreenshot -->
        <test-method is-config="true" signature="tearDown()[pri:0, instance:com.automationpractice.automationExercise.ExerciseA@63070bab]" started-at="2021-04-26T15:38:33Z" name="tearDown" finished-at="2021-04-26T15:38:34Z" duration-ms="652" status="PASS">
          <reporter-output>
            <line>
              <![CDATA[Closing browser.]]>
            </line>
          </reporter-output>
        </test-method> <!-- tearDown -->
        <test-method is-config="true" signature="setup(java.lang.reflect.Method, java.lang.String, org.testng.ITestContext)[pri:0, instance:com.automationpractice.automationExercise.ExerciseA@63070bab]" started-at="2021-04-26T15:38:34Z" name="setup" finished-at="2021-04-26T15:38:35Z" duration-ms="1307" status="PASS">
          <params>
            <param index="0">
              <value>
                <![CDATA[public void com.automationpractice.automationExercise.ExerciseA.purchaseItem(java.util.Map)]]>
              </value>
            </param>
            <param index="1">
              <value>
                <![CDATA[chrome]]>
              </value>
            </param>
            <param index="2">
              <value>
                <![CDATA[org.testng.TestRunner@3246fb96]]>
              </value>
            </param>
          </params>
          <reporter-output>
            <line>
              <![CDATA[Launching browser.]]>
            </line>
            <line>
              <![CDATA[Create driver: chrome]]>
            </line>
            <line>
              <![CDATA[Starting chrome browser.]]>
            </line>
          </reporter-output>
        </test-method> <!-- setup -->
        <test-method signature="purchaseItem(java.util.Map)[pri:0, instance:com.automationpractice.automationExercise.ExerciseA@63070bab]" started-at="2021-04-26T15:38:35Z" name="purchaseItem" data-provider="csvReader" finished-at="2021-04-26T15:38:58Z" duration-ms="22545" status="PASS">
          <params>
            <param index="0">
              <value>
                <![CDATA[{firstName=john, lastName=smith, zipCode=08022, password=secretPassword, address=25 rambla cataluna, phoneNumber=425684, testNumber=3, city=Barcelona, aliasEmailAddress=aliasemail@gmail.com, itemToPurchase=shoes}]]>
              </value>
            </param>
          </params>
          <reporter-output>
            <line>
              <![CDATA[[Starting 'purchaseItem' test]]]>
            </line>
            <line>
              <![CDATA[Starting test #3 from CSV file.]]>
            </line>
            <line>
              <![CDATA[Opening page: http://automationpractice.com/index.php]]>
            </line>
            <line>
              <![CDATA[Page opened!]]>
            </line>
            <line>
              <![CDATA[Searching for item: 'shoes'.]]>
            </line>
            <line>
              <![CDATA[Selecting random item from the list.]]>
            </line>
            <line>
              <![CDATA[Adding item into the cart.]]>
            </line>
            <line>
              <![CDATA[Going to cart.]]>
            </line>
            <line>
              <![CDATA[Checking if total number of item and total price are correct in cart.]]>
            </line>
            <line>
              <![CDATA[There is 1 item in cart.]]>
            </line>
            <line>
              <![CDATA[Total price including shipping is $30.98]]>
            </line>
            <line>
              <![CDATA[Total number of item and total price are correct!]]>
            </line>
            <line>
              <![CDATA[Proceeding to checkout.]]>
            </line>
            <line>
              <![CDATA[Creating new account using random Email address: dgaygwjj@gmail.com]]>
            </line>
            <line>
              <![CDATA[Filling all information using data from CSV file.]]>
            </line>
            <line>
              <![CDATA[Checking if delivery details are correct.]]>
            </line>
            <line>
              <![CDATA[All delivery information are correct.]]>
            </line>
            <line>
              <![CDATA[Accepting terms of services.]]>
            </line>
            <line>
              <![CDATA[Proceeding to checkout.]]>
            </line>
            <line>
              <![CDATA[Checking quantity and total price are still correct.]]>
            </line>
            <line>
              <![CDATA[There is 1 item in cart.]]>
            </line>
            <line>
              <![CDATA[Total price including shipping is $30.98.]]>
            </line>
            <line>
              <![CDATA[Quantity and total price still correct.]]>
            </line>
            <line>
              <![CDATA[Paying by bank wire.]]>
            </line>
            <line>
              <![CDATA[Confirming order.]]>
            </line>
            <line>
              <![CDATA[Order is complete.]]>
            </line>
            <line>
              <![CDATA[[RESULT: 'purchaseItem' has successfully passed.]]]>
            </line>
          </reporter-output>
        </test-method> <!-- purchaseItem -->
        <test-method is-config="true" signature="tearDown()[pri:0, instance:com.automationpractice.automationExercise.ExerciseA@63070bab]" started-at="2021-04-26T15:38:58Z" name="tearDown" finished-at="2021-04-26T15:38:58Z" duration-ms="653" status="PASS">
          <reporter-output>
            <line>
              <![CDATA[Closing browser.]]>
            </line>
          </reporter-output>
        </test-method> <!-- tearDown -->
        <test-method is-config="true" signature="takeScreenshot(org.testng.ITestResult)[pri:0, instance:com.automationpractice.automationExercise.ExerciseA@63070bab]" started-at="2021-04-26T15:38:58Z" name="takeScreenshot" finished-at="2021-04-26T15:38:58Z" duration-ms="0" status="PASS">
          <params>
            <param index="0">
              <value>
                <![CDATA[[TestResult name=purchaseItem status=SUCCESS method=ExerciseA.purchaseItem(java.util.Map)[pri:0, instance:com.automationpractice.automationExercise.ExerciseA@63070bab] output=[Starting 'purchaseItem' test]]]]>
              </value>
            </param>
          </params>
          <reporter-output>
          </reporter-output>
        </test-method> <!-- takeScreenshot -->
      </class> <!-- com.automationpractice.automationExercise.ExerciseA -->
    </test> <!-- ExerciseAUsingChrome -->
    <test started-at="2021-04-26T15:37:30Z" name="ExerciseAUsingFirefox" finished-at="2021-04-26T15:39:05Z" duration-ms="94379">
      <class name="com.automationpractice.automationExercise.ExerciseA">
        <test-method is-config="true" signature="setup(java.lang.reflect.Method, java.lang.String, org.testng.ITestContext)[pri:0, instance:com.automationpractice.automationExercise.ExerciseA@55740540]" started-at="2021-04-26T15:37:30Z" name="setup" finished-at="2021-04-26T15:37:36Z" duration-ms="5537" status="PASS">
          <params>
            <param index="0">
              <value>
                <![CDATA[public void com.automationpractice.automationExercise.ExerciseA.purchaseItem(java.util.Map)]]>
              </value>
            </param>
            <param index="1">
              <value>
                <![CDATA[firefox]]>
              </value>
            </param>
            <param index="2">
              <value>
                <![CDATA[org.testng.TestRunner@2e222612]]>
              </value>
            </param>
          </params>
          <reporter-output>
            <line>
              <![CDATA[Launching browser.]]>
            </line>
            <line>
              <![CDATA[Create driver: firefox]]>
            </line>
            <line>
              <![CDATA[Starting firefox browser.]]>
            </line>
          </reporter-output>
        </test-method> <!-- setup -->
        <test-method signature="purchaseItem(java.util.Map)[pri:0, instance:com.automationpractice.automationExercise.ExerciseA@55740540]" started-at="2021-04-26T15:37:36Z" name="purchaseItem" data-provider="csvReader" finished-at="2021-04-26T15:38:06Z" duration-ms="29894" status="PASS">
          <params>
            <param index="0">
              <value>
                <![CDATA[{firstName=nicolas, lastName=ma, zipCode=08001, password=secretPassword, address=8 baker street, phoneNumber=123456, testNumber=1, city=barcelona, aliasEmailAddress=anotherRandomEmail@gmail.com, itemToPurchase=dress}]]>
              </value>
            </param>
          </params>
          <reporter-output>
            <line>
              <![CDATA[[Starting 'purchaseItem' test]]]>
            </line>
            <line>
              <![CDATA[Starting test #1 from CSV file.]]>
            </line>
            <line>
              <![CDATA[Opening page: http://automationpractice.com/index.php]]>
            </line>
            <line>
              <![CDATA[Page opened!]]>
            </line>
            <line>
              <![CDATA[Searching for item: 'dress'.]]>
            </line>
            <line>
              <![CDATA[Selecting random item from the list.]]>
            </line>
            <line>
              <![CDATA[Adding item into the cart.]]>
            </line>
            <line>
              <![CDATA[Going to cart.]]>
            </line>
            <line>
              <![CDATA[Checking if total number of item and total price are correct in cart.]]>
            </line>
            <line>
              <![CDATA[There is 1 item in cart.]]>
            </line>
            <line>
              <![CDATA[Total price including shipping is $18.4]]>
            </line>
            <line>
              <![CDATA[Total number of item and total price are correct!]]>
            </line>
            <line>
              <![CDATA[Proceeding to checkout.]]>
            </line>
            <line>
              <![CDATA[Creating new account using random Email address: lnapgojy@gmail.com]]>
            </line>
            <line>
              <![CDATA[Filling all information using data from CSV file.]]>
            </line>
            <line>
              <![CDATA[Checking if delivery details are correct.]]>
            </line>
            <line>
              <![CDATA[All delivery information are correct.]]>
            </line>
            <line>
              <![CDATA[Accepting terms of services.]]>
            </line>
            <line>
              <![CDATA[Proceeding to checkout.]]>
            </line>
            <line>
              <![CDATA[Checking quantity and total price are still correct.]]>
            </line>
            <line>
              <![CDATA[There is 1 item in cart.]]>
            </line>
            <line>
              <![CDATA[Total price including shipping is $18.4.]]>
            </line>
            <line>
              <![CDATA[Quantity and total price still correct.]]>
            </line>
            <line>
              <![CDATA[Paying by bank wire.]]>
            </line>
            <line>
              <![CDATA[Confirming order.]]>
            </line>
            <line>
              <![CDATA[Order is complete.]]>
            </line>
            <line>
              <![CDATA[[RESULT: 'purchaseItem' has successfully passed.]]]>
            </line>
          </reporter-output>
        </test-method> <!-- purchaseItem -->
        <test-method is-config="true" signature="takeScreenshot(org.testng.ITestResult)[pri:0, instance:com.automationpractice.automationExercise.ExerciseA@55740540]" started-at="2021-04-26T15:38:06Z" name="takeScreenshot" finished-at="2021-04-26T15:38:06Z" duration-ms="0" status="PASS">
          <params>
            <param index="0">
              <value>
                <![CDATA[[TestResult name=purchaseItem status=SUCCESS method=ExerciseA.purchaseItem(java.util.Map)[pri:0, instance:com.automationpractice.automationExercise.ExerciseA@55740540] output=[Starting 'purchaseItem' test]]]]>
              </value>
            </param>
          </params>
          <reporter-output>
          </reporter-output>
        </test-method> <!-- takeScreenshot -->
        <test-method is-config="true" signature="tearDown()[pri:0, instance:com.automationpractice.automationExercise.ExerciseA@55740540]" started-at="2021-04-26T15:38:06Z" name="tearDown" finished-at="2021-04-26T15:38:07Z" duration-ms="889" status="PASS">
          <reporter-output>
            <line>
              <![CDATA[Closing browser.]]>
            </line>
          </reporter-output>
        </test-method> <!-- tearDown -->
        <test-method is-config="true" signature="setup(java.lang.reflect.Method, java.lang.String, org.testng.ITestContext)[pri:0, instance:com.automationpractice.automationExercise.ExerciseA@55740540]" started-at="2021-04-26T15:38:07Z" name="setup" finished-at="2021-04-26T15:38:11Z" duration-ms="4540" status="PASS">
          <params>
            <param index="0">
              <value>
                <![CDATA[public void com.automationpractice.automationExercise.ExerciseA.purchaseItem(java.util.Map)]]>
              </value>
            </param>
            <param index="1">
              <value>
                <![CDATA[firefox]]>
              </value>
            </param>
            <param index="2">
              <value>
                <![CDATA[org.testng.TestRunner@2e222612]]>
              </value>
            </param>
          </params>
          <reporter-output>
            <line>
              <![CDATA[Launching browser.]]>
            </line>
            <line>
              <![CDATA[Create driver: firefox]]>
            </line>
            <line>
              <![CDATA[Starting firefox browser.]]>
            </line>
          </reporter-output>
        </test-method> <!-- setup -->
        <test-method signature="purchaseItem(java.util.Map)[pri:0, instance:com.automationpractice.automationExercise.ExerciseA@55740540]" started-at="2021-04-26T15:38:11Z" name="purchaseItem" data-provider="csvReader" finished-at="2021-04-26T15:38:37Z" duration-ms="26237" status="PASS">
          <params>
            <param index="0">
              <value>
                <![CDATA[{firstName=nicolas, lastName=ma, zipCode=08001, password=secretPassword, address=8 baker street, phoneNumber=123456, testNumber=2, city=barcelona, aliasEmailAddress=anotherRandomEmail@gmail.com, itemToPurchase=blouse}]]>
              </value>
            </param>
          </params>
          <reporter-output>
            <line>
              <![CDATA[[Starting 'purchaseItem' test]]]>
            </line>
            <line>
              <![CDATA[Starting test #2 from CSV file.]]>
            </line>
            <line>
              <![CDATA[Opening page: http://automationpractice.com/index.php]]>
            </line>
            <line>
              <![CDATA[Page opened!]]>
            </line>
            <line>
              <![CDATA[Searching for item: 'blouse'.]]>
            </line>
            <line>
              <![CDATA[Selecting random item from the list.]]>
            </line>
            <line>
              <![CDATA[Adding item into the cart.]]>
            </line>
            <line>
              <![CDATA[Going to cart.]]>
            </line>
            <line>
              <![CDATA[Checking if total number of item and total price are correct in cart.]]>
            </line>
            <line>
              <![CDATA[There is 1 item in cart.]]>
            </line>
            <line>
              <![CDATA[Total price including shipping is $29.0]]>
            </line>
            <line>
              <![CDATA[Total number of item and total price are correct!]]>
            </line>
            <line>
              <![CDATA[Proceeding to checkout.]]>
            </line>
            <line>
              <![CDATA[Creating new account using random Email address: smdtsoqo@gmail.com]]>
            </line>
            <line>
              <![CDATA[Filling all information using data from CSV file.]]>
            </line>
            <line>
              <![CDATA[Checking if delivery details are correct.]]>
            </line>
            <line>
              <![CDATA[All delivery information are correct.]]>
            </line>
            <line>
              <![CDATA[Accepting terms of services.]]>
            </line>
            <line>
              <![CDATA[Proceeding to checkout.]]>
            </line>
            <line>
              <![CDATA[Checking quantity and total price are still correct.]]>
            </line>
            <line>
              <![CDATA[There is 1 item in cart.]]>
            </line>
            <line>
              <![CDATA[Total price including shipping is $29.0.]]>
            </line>
            <line>
              <![CDATA[Quantity and total price still correct.]]>
            </line>
            <line>
              <![CDATA[Paying by bank wire.]]>
            </line>
            <line>
              <![CDATA[Confirming order.]]>
            </line>
            <line>
              <![CDATA[Order is complete.]]>
            </line>
            <line>
              <![CDATA[[RESULT: 'purchaseItem' has successfully passed.]]]>
            </line>
          </reporter-output>
        </test-method> <!-- purchaseItem -->
        <test-method is-config="true" signature="takeScreenshot(org.testng.ITestResult)[pri:0, instance:com.automationpractice.automationExercise.ExerciseA@55740540]" started-at="2021-04-26T15:38:37Z" name="takeScreenshot" finished-at="2021-04-26T15:38:37Z" duration-ms="1" status="PASS">
          <params>
            <param index="0">
              <value>
                <![CDATA[[TestResult name=purchaseItem status=SUCCESS method=ExerciseA.purchaseItem(java.util.Map)[pri:0, instance:com.automationpractice.automationExercise.ExerciseA@55740540] output=[Starting 'purchaseItem' test]]]]>
              </value>
            </param>
          </params>
          <reporter-output>
          </reporter-output>
        </test-method> <!-- takeScreenshot -->
        <test-method is-config="true" signature="tearDown()[pri:0, instance:com.automationpractice.automationExercise.ExerciseA@55740540]" started-at="2021-04-26T15:38:37Z" name="tearDown" finished-at="2021-04-26T15:38:38Z" duration-ms="848" status="PASS">
          <reporter-output>
            <line>
              <![CDATA[Closing browser.]]>
            </line>
          </reporter-output>
        </test-method> <!-- tearDown -->
        <test-method is-config="true" signature="setup(java.lang.reflect.Method, java.lang.String, org.testng.ITestContext)[pri:0, instance:com.automationpractice.automationExercise.ExerciseA@55740540]" started-at="2021-04-26T15:38:38Z" name="setup" finished-at="2021-04-26T15:38:43Z" duration-ms="4524" status="PASS">
          <params>
            <param index="0">
              <value>
                <![CDATA[public void com.automationpractice.automationExercise.ExerciseA.purchaseItem(java.util.Map)]]>
              </value>
            </param>
            <param index="1">
              <value>
                <![CDATA[firefox]]>
              </value>
            </param>
            <param index="2">
              <value>
                <![CDATA[org.testng.TestRunner@2e222612]]>
              </value>
            </param>
          </params>
          <reporter-output>
            <line>
              <![CDATA[Launching browser.]]>
            </line>
            <line>
              <![CDATA[Create driver: firefox]]>
            </line>
            <line>
              <![CDATA[Starting firefox browser.]]>
            </line>
          </reporter-output>
        </test-method> <!-- setup -->
        <test-method signature="purchaseItem(java.util.Map)[pri:0, instance:com.automationpractice.automationExercise.ExerciseA@55740540]" started-at="2021-04-26T15:38:43Z" name="purchaseItem" data-provider="csvReader" finished-at="2021-04-26T15:39:04Z" duration-ms="20963" status="PASS">
          <params>
            <param index="0">
              <value>
                <![CDATA[{firstName=john, lastName=smith, zipCode=08022, password=secretPassword, address=25 rambla cataluna, phoneNumber=425684, testNumber=3, city=Barcelona, aliasEmailAddress=aliasemail@gmail.com, itemToPurchase=shoes}]]>
              </value>
            </param>
          </params>
          <reporter-output>
            <line>
              <![CDATA[[Starting 'purchaseItem' test]]]>
            </line>
            <line>
              <![CDATA[Starting test #3 from CSV file.]]>
            </line>
            <line>
              <![CDATA[Opening page: http://automationpractice.com/index.php]]>
            </line>
            <line>
              <![CDATA[Page opened!]]>
            </line>
            <line>
              <![CDATA[Searching for item: 'shoes'.]]>
            </line>
            <line>
              <![CDATA[Selecting random item from the list.]]>
            </line>
            <line>
              <![CDATA[Adding item into the cart.]]>
            </line>
            <line>
              <![CDATA[Going to cart.]]>
            </line>
            <line>
              <![CDATA[Checking if total number of item and total price are correct in cart.]]>
            </line>
            <line>
              <![CDATA[There is 1 item in cart.]]>
            </line>
            <line>
              <![CDATA[Total price including shipping is $18.4]]>
            </line>
            <line>
              <![CDATA[Total number of item and total price are correct!]]>
            </line>
            <line>
              <![CDATA[Proceeding to checkout.]]>
            </line>
            <line>
              <![CDATA[Creating new account using random Email address: ighwuyms@gmail.com]]>
            </line>
            <line>
              <![CDATA[Filling all information using data from CSV file.]]>
            </line>
            <line>
              <![CDATA[Checking if delivery details are correct.]]>
            </line>
            <line>
              <![CDATA[All delivery information are correct.]]>
            </line>
            <line>
              <![CDATA[Accepting terms of services.]]>
            </line>
            <line>
              <![CDATA[Proceeding to checkout.]]>
            </line>
            <line>
              <![CDATA[Checking quantity and total price are still correct.]]>
            </line>
            <line>
              <![CDATA[There is 1 item in cart.]]>
            </line>
            <line>
              <![CDATA[Total price including shipping is $18.4.]]>
            </line>
            <line>
              <![CDATA[Quantity and total price still correct.]]>
            </line>
            <line>
              <![CDATA[Paying by bank wire.]]>
            </line>
            <line>
              <![CDATA[Confirming order.]]>
            </line>
            <line>
              <![CDATA[Order is complete.]]>
            </line>
            <line>
              <![CDATA[[RESULT: 'purchaseItem' has successfully passed.]]]>
            </line>
          </reporter-output>
        </test-method> <!-- purchaseItem -->
        <test-method is-config="true" signature="tearDown()[pri:0, instance:com.automationpractice.automationExercise.ExerciseA@55740540]" started-at="2021-04-26T15:39:04Z" name="tearDown" finished-at="2021-04-26T15:39:05Z" duration-ms="888" status="PASS">
          <reporter-output>
            <line>
              <![CDATA[Closing browser.]]>
            </line>
          </reporter-output>
        </test-method> <!-- tearDown -->
        <test-method is-config="true" signature="takeScreenshot(org.testng.ITestResult)[pri:0, instance:com.automationpractice.automationExercise.ExerciseA@55740540]" started-at="2021-04-26T15:39:04Z" name="takeScreenshot" finished-at="2021-04-26T15:39:04Z" duration-ms="0" status="PASS">
          <params>
            <param index="0">
              <value>
                <![CDATA[[TestResult name=purchaseItem status=SUCCESS method=ExerciseA.purchaseItem(java.util.Map)[pri:0, instance:com.automationpractice.automationExercise.ExerciseA@55740540] output=[Starting 'purchaseItem' test]]]]>
              </value>
            </param>
          </params>
          <reporter-output>
          </reporter-output>
        </test-method> <!-- takeScreenshot -->
      </class> <!-- com.automationpractice.automationExercise.ExerciseA -->
    </test> <!-- ExerciseAUsingFirefox -->
  </suite> <!-- ExerciseASuite.xml -->
</testng-results>
