<?xml version="1.0" encoding="UTF-8"?>
<testng-results ignored="0" total="2" passed="2" failed="0" skipped="0">
  <reporter-output>
    <line>
      <![CDATA[Create driver: chrome]]>
    </line>
    <line>
      <![CDATA[Starting test #1]]>
    </line>
    <line>
      <![CDATA[Opening page: http://automationpractice.com/index.php]]>
    </line>
    <line>
      <![CDATA[Page opened!]]>
    </line>
    <line>
      <![CDATA[Create driver: chrome]]>
    </line>
    <line>
      <![CDATA[Starting test #2]]>
    </line>
    <line>
      <![CDATA[Opening page: http://automationpractice.com/index.php]]>
    </line>
    <line>
      <![CDATA[Page opened!]]>
    </line>
  </reporter-output>
  <suite started-at="2021-04-25T13:13:53Z" name="Default suite" finished-at="2021-04-25T13:14:43Z" duration-ms="49520">
    <groups>
    </groups>
    <test started-at="2021-04-25T13:13:53Z" name="Default test" finished-at="2021-04-25T13:14:43Z" duration-ms="49520">
      <class name="com.automationpractice.automationExercise.ExerciseA">
        <test-method is-config="true" signature="setup(java.lang.reflect.Method, java.lang.String, org.testng.ITestContext)[pri:0, instance:com.automationpractice.automationExercise.ExerciseA@766653e6]" started-at="2021-04-25T13:13:53Z" name="setup" finished-at="2021-04-25T13:13:55Z" duration-ms="1765" status="PASS">
          <params>
            <param index="0">
              <value>
                <![CDATA[public void com.automationpractice.automationExercise.ExerciseA.exercise(java.util.Map)]]>
              </value>
            </param>
            <param index="1">
              <value>
                <![CDATA[chrome]]>
              </value>
            </param>
            <param index="2">
              <value>
                <![CDATA[org.testng.TestRunner@76e9f00b]]>
              </value>
            </param>
          </params>
          <reporter-output>
            <line>
              <![CDATA[Create driver: chrome]]>
            </line>
          </reporter-output>
        </test-method> <!-- setup -->
        <test-method signature="exercise(java.util.Map)[pri:0, instance:com.automationpractice.automationExercise.ExerciseA@766653e6]" started-at="2021-04-25T13:13:55Z" name="exercise" data-provider="csvReader" finished-at="2021-04-25T13:14:17Z" duration-ms="21889" status="PASS">
          <params>
            <param index="0">
              <value>
                <![CDATA[{firstName=nicolas, lastName=ma, zipCode=08001, password=secretPassword, address=8 baker street, phoneNumber=123456, testNumber=1, city=barcelona, aliasEmailAddress=anotherRandomEmail@gmail.com, itemToPurchase=shoes}]]>
              </value>
            </param>
          </params>
          <reporter-output>
            <line>
              <![CDATA[Starting test #1]]>
            </line>
            <line>
              <![CDATA[Opening page: http://automationpractice.com/index.php]]>
            </line>
            <line>
              <![CDATA[Page opened!]]>
            </line>
          </reporter-output>
        </test-method> <!-- exercise -->
        <test-method is-config="true" signature="setup(java.lang.reflect.Method, java.lang.String, org.testng.ITestContext)[pri:0, instance:com.automationpractice.automationExercise.ExerciseA@766653e6]" started-at="2021-04-25T13:14:17Z" name="setup" finished-at="2021-04-25T13:14:18Z" duration-ms="1313" status="PASS">
          <params>
            <param index="0">
              <value>
                <![CDATA[public void com.automationpractice.automationExercise.ExerciseA.exercise(java.util.Map)]]>
              </value>
            </param>
            <param index="1">
              <value>
                <![CDATA[chrome]]>
              </value>
            </param>
            <param index="2">
              <value>
                <![CDATA[org.testng.TestRunner@76e9f00b]]>
              </value>
            </param>
          </params>
          <reporter-output>
            <line>
              <![CDATA[Create driver: chrome]]>
            </line>
          </reporter-output>
        </test-method> <!-- setup -->
        <test-method is-config="true" signature="takeScreenshot(org.testng.ITestResult)[pri:0, instance:com.automationpractice.automationExercise.ExerciseA@766653e6]" started-at="2021-04-25T13:14:17Z" name="takeScreenshot" finished-at="2021-04-25T13:14:17Z" duration-ms="0" status="PASS">
          <params>
            <param index="0">
              <value>
                <![CDATA[[TestResult name=exercise status=SUCCESS method=ExerciseA.exercise(java.util.Map)[pri:0, instance:com.automationpractice.automationExercise.ExerciseA@766653e6] output=Starting test #1]]]>
              </value>
            </param>
          </params>
          <reporter-output>
          </reporter-output>
        </test-method> <!-- takeScreenshot -->
        <test-method signature="exercise(java.util.Map)[pri:0, instance:com.automationpractice.automationExercise.ExerciseA@766653e6]" started-at="2021-04-25T13:14:18Z" name="exercise" data-provider="csvReader" finished-at="2021-04-25T13:14:43Z" duration-ms="24502" status="PASS">
          <params>
            <param index="0">
              <value>
                <![CDATA[{firstName=nicolas, lastName=ma, zipCode=08001, password=secretPassword, address=8 baker street, phoneNumber=123456, testNumber=2, city=barcelona, aliasEmailAddress=anotherRandomEmail@gmail.com, itemToPurchase=blouse}]]>
              </value>
            </param>
          </params>
          <reporter-output>
            <line>
              <![CDATA[Starting test #2]]>
            </line>
            <line>
              <![CDATA[Opening page: http://automationpractice.com/index.php]]>
            </line>
            <line>
              <![CDATA[Page opened!]]>
            </line>
          </reporter-output>
        </test-method> <!-- exercise -->
        <test-method is-config="true" signature="takeScreenshot(org.testng.ITestResult)[pri:0, instance:com.automationpractice.automationExercise.ExerciseA@766653e6]" started-at="2021-04-25T13:14:43Z" name="takeScreenshot" finished-at="2021-04-25T13:14:43Z" duration-ms="0" status="PASS">
          <params>
            <param index="0">
              <value>
                <![CDATA[[TestResult name=exercise status=SUCCESS method=ExerciseA.exercise(java.util.Map)[pri:0, instance:com.automationpractice.automationExercise.ExerciseA@766653e6] output=Starting test #2]]]>
              </value>
            </param>
          </params>
          <reporter-output>
          </reporter-output>
        </test-method> <!-- takeScreenshot -->
      </class> <!-- com.automationpractice.automationExercise.ExerciseA -->
    </test> <!-- Default test -->
  </suite> <!-- Default suite -->
</testng-results>
